#! /c/Source/iverilog-install/bin/vvp
:ivl_version "12.0 (devel)" "(s20150603-1539-g2693dd32b)";
:ivl_delay_selection "TYPICAL";
:vpi_time_precision + 0;
:vpi_module "C:\iverilog\lib\ivl\system.vpi";
:vpi_module "C:\iverilog\lib\ivl\vhdl_sys.vpi";
:vpi_module "C:\iverilog\lib\ivl\vhdl_textio.vpi";
:vpi_module "C:\iverilog\lib\ivl\v2005_math.vpi";
:vpi_module "C:\iverilog\lib\ivl\va_math.vpi";
S_0000016650ace710 .scope module, "tb_alu_accumulator" "tb_alu_accumulator" 2 1;
 .timescale 0 0;
v0000016650b12e60_0 .var "acc_data", 7 0;
v0000016650b12f00_0 .net "acc_out", 7 0, v0000016650ac6ae0_0;  1 drivers
v0000016650b134f0_0 .var "alu_op", 2 0;
v0000016650b13bd0_0 .var "clk", 0 0;
v0000016650b13630_0 .var "immediate", 7 0;
v0000016650b13770_0 .var "load_acc", 0 0;
v0000016650b136d0_0 .var "reg_data", 7 0;
v0000016650b13e50_0 .net "result", 7 0, v0000016650b12d20_0;  1 drivers
v0000016650b13950_0 .net "zero_flag", 0 0, v0000016650b12dc0_0;  1 drivers
S_0000016650ace8a0 .scope module, "dut" "alu_accumulator" 2 8, 3 1 0, S_0000016650ace710;
 .timescale 0 0;
    .port_info 0 /INPUT 1 "clk";
    .port_info 1 /INPUT 8 "acc_data";
    .port_info 2 /INPUT 8 "reg_data";
    .port_info 3 /INPUT 8 "immediate";
    .port_info 4 /INPUT 3 "alu_op";
    .port_info 5 /INPUT 1 "load_acc";
    .port_info 6 /OUTPUT 8 "acc_out";
    .port_info 7 /OUTPUT 8 "result";
    .port_info 8 /OUTPUT 1 "zero_flag";
v0000016650ac6d60_0 .net "acc_data", 7 0, v0000016650b12e60_0;  1 drivers
v0000016650ac6ae0_0 .var "acc_out", 7 0;
v0000016650acbe50_0 .net "alu_op", 2 0, v0000016650b134f0_0;  1 drivers
v0000016650acea30_0 .var "alu_out", 7 0;
v0000016650acead0_0 .net "clk", 0 0, v0000016650b13bd0_0;  1 drivers
v0000016650b12b40_0 .net "immediate", 7 0, v0000016650b13630_0;  1 drivers
v0000016650b12be0_0 .net "load_acc", 0 0, v0000016650b13770_0;  1 drivers
v0000016650b12c80_0 .net "reg_data", 7 0, v0000016650b136d0_0;  1 drivers
v0000016650b12d20_0 .var "result", 7 0;
v0000016650b12dc0_0 .var "zero_flag", 0 0;
E_0000016650ac8ba0 .event posedge, v0000016650acead0_0;
E_0000016650ac9960 .event anyedge, v0000016650acbe50_0, v0000016650b12b40_0, v0000016650ac6d60_0, v0000016650b12c80_0;
    .scope S_0000016650ace8a0;
T_0 ;
    %wait E_0000016650ac9960;
    %load/vec4 v0000016650acbe50_0;
    %dup/vec4;
    %pushi/vec4 0, 0, 3;
    %cmp/u;
    %jmp/1 T_0.0, 6;
    %dup/vec4;
    %pushi/vec4 1, 0, 3;
    %cmp/u;
    %jmp/1 T_0.1, 6;
    %dup/vec4;
    %pushi/vec4 2, 0, 3;
    %cmp/u;
    %jmp/1 T_0.2, 6;
    %dup/vec4;
    %pushi/vec4 3, 0, 3;
    %cmp/u;
    %jmp/1 T_0.3, 6;
    %dup/vec4;
    %pushi/vec4 4, 0, 3;
    %cmp/u;
    %jmp/1 T_0.4, 6;
    %dup/vec4;
    %pushi/vec4 5, 0, 3;
    %cmp/u;
    %jmp/1 T_0.5, 6;
    %pushi/vec4 0, 0, 8;
    %store/vec4 v0000016650acea30_0, 0, 8;
    %jmp T_0.7;
T_0.0 ;
    %load/vec4 v0000016650b12b40_0;
    %store/vec4 v0000016650acea30_0, 0, 8;
    %jmp T_0.7;
T_0.1 ;
    %load/vec4 v0000016650ac6d60_0;
    %load/vec4 v0000016650b12c80_0;
    %add;
    %store/vec4 v0000016650acea30_0, 0, 8;
    %jmp T_0.7;
T_0.2 ;
    %load/vec4 v0000016650ac6d60_0;
    %load/vec4 v0000016650b12c80_0;
    %sub;
    %store/vec4 v0000016650acea30_0, 0, 8;
    %jmp T_0.7;
T_0.3 ;
    %load/vec4 v0000016650ac6d60_0;
    %load/vec4 v0000016650b12c80_0;
    %and;
    %store/vec4 v0000016650acea30_0, 0, 8;
    %jmp T_0.7;
T_0.4 ;
    %load/vec4 v0000016650ac6d60_0;
    %load/vec4 v0000016650b12c80_0;
    %or;
    %store/vec4 v0000016650acea30_0, 0, 8;
    %jmp T_0.7;
T_0.5 ;
    %load/vec4 v0000016650ac6d60_0;
    %inv;
    %store/vec4 v0000016650acea30_0, 0, 8;
    %jmp T_0.7;
T_0.7 ;
    %pop/vec4 1;
    %jmp T_0;
    .thread T_0, $push;
    .scope S_0000016650ace8a0;
T_1 ;
    %wait E_0000016650ac8ba0;
    %load/vec4 v0000016650b12be0_0;
    %flag_set/vec4 8;
    %jmp/0xz  T_1.0, 8;
    %load/vec4 v0000016650acea30_0;
    %assign/vec4 v0000016650ac6ae0_0, 0;
T_1.0 ;
    %load/vec4 v0000016650acea30_0;
    %assign/vec4 v0000016650b12d20_0, 0;
    %load/vec4 v0000016650acea30_0;
    %pushi/vec4 0, 0, 8;
    %cmp/e;
    %flag_get/vec4 4;
    %assign/vec4 v0000016650b12dc0_0, 0;
    %jmp T_1;
    .thread T_1;
    .scope S_0000016650ace710;
T_2 ;
    %pushi/vec4 0, 0, 1;
    %store/vec4 v0000016650b13bd0_0, 0, 1;
T_2.0 ;
    %delay 5, 0;
    %load/vec4 v0000016650b13bd0_0;
    %inv;
    %store/vec4 v0000016650b13bd0_0, 0, 1;
    %jmp T_2.0;
    %end;
    .thread T_2;
    .scope S_0000016650ace710;
T_3 ;
    %pushi/vec4 10, 0, 8;
    %store/vec4 v0000016650b12e60_0, 0, 8;
    %pushi/vec4 3, 0, 8;
    %store/vec4 v0000016650b136d0_0, 0, 8;
    %pushi/vec4 0, 0, 8;
    %store/vec4 v0000016650b13630_0, 0, 8;
    %pushi/vec4 2, 0, 3;
    %store/vec4 v0000016650b134f0_0, 0, 3;
    %pushi/vec4 1, 0, 1;
    %store/vec4 v0000016650b13770_0, 0, 1;
    %delay 10, 0;
    %pushi/vec4 1, 0, 3;
    %store/vec4 v0000016650b134f0_0, 0, 3;
    %delay 10, 0;
    %pushi/vec4 0, 0, 1;
    %store/vec4 v0000016650b13770_0, 0, 1;
    %pushi/vec4 4, 0, 3;
    %store/vec4 v0000016650b134f0_0, 0, 3;
    %delay 10, 0;
    %vpi_call 2 24 "$finish" {0 0 0};
    %end;
    .thread T_3;
    .scope S_0000016650ace710;
T_4 ;
    %vpi_call 2 27 "$dumpfile", "my_sim.vcd" {0 0 0};
    %vpi_call 2 28 "$dumpvars", 32'sb00000000000000000000000000000000, S_0000016650ace8a0 {0 0 0};
    %end;
    .thread T_4;
# The file index is used to find the file name in the following table.
:file_names 4;
    "N/A";
    "<interactive>";
    "tb.v";
    "ALU_accu.v";
