#! /c/Source/iverilog-install/bin/vvp
:ivl_version "12.0 (devel)" "(s20150603-1539-g2693dd32b)";
:ivl_delay_selection "TYPICAL";
:vpi_time_precision + 0;
:vpi_module "C:\iverilog\lib\ivl\system.vpi";
:vpi_module "C:\iverilog\lib\ivl\vhdl_sys.vpi";
:vpi_module "C:\iverilog\lib\ivl\vhdl_textio.vpi";
:vpi_module "C:\iverilog\lib\ivl\v2005_math.vpi";
:vpi_module "C:\iverilog\lib\ivl\va_math.vpi";
S_0000015643cb5aa0 .scope module, "tb_instruction_register" "tb_instruction_register" 2 1;
 .timescale 0 0;
v0000015643d8bb40_0 .var "clk", 0 0;
v0000015643d8bbe0_0 .var "instr_in", 15 0;
v0000015643d8bc80_0 .net "instr_out", 15 0, v0000015643cb5dc0_0;  1 drivers
v0000015643d8bd20_0 .var "load_ir", 0 0;
S_0000015643cb5c30 .scope module, "dut" "instruction_register" 2 6, 3 1 0, S_0000015643cb5aa0;
 .timescale 0 0;
    .port_info 0 /INPUT 1 "clk";
    .port_info 1 /INPUT 1 "load_ir";
    .port_info 2 /INPUT 16 "instr_in";
    .port_info 3 /OUTPUT 16 "instr_out";
v0000015643d86d60_0 .net "clk", 0 0, v0000015643d8bb40_0;  1 drivers
v0000015643d86ae0_0 .net "instr_in", 15 0, v0000015643d8bbe0_0;  1 drivers
v0000015643cb5dc0_0 .var "instr_out", 15 0;
v0000015643cb5e60_0 .net "load_ir", 0 0, v0000015643d8bd20_0;  1 drivers
E_0000015643d8c000 .event posedge, v0000015643d86d60_0;
    .scope S_0000015643cb5c30;
T_0 ;
    %wait E_0000015643d8c000;
    %load/vec4 v0000015643cb5e60_0;
    %flag_set/vec4 8;
    %jmp/0xz  T_0.0, 8;
    %load/vec4 v0000015643d86ae0_0;
    %assign/vec4 v0000015643cb5dc0_0, 0;
T_0.0 ;
    %jmp T_0;
    .thread T_0;
    .scope S_0000015643cb5aa0;
T_1 ;
    %pushi/vec4 0, 0, 1;
    %store/vec4 v0000015643d8bb40_0, 0, 1;
T_1.0 ;
    %delay 5, 0;
    %load/vec4 v0000015643d8bb40_0;
    %inv;
    %store/vec4 v0000015643d8bb40_0, 0, 1;
    %jmp T_1.0;
    %end;
    .thread T_1;
    .scope S_0000015643cb5aa0;
T_2 ;
    %pushi/vec4 0, 0, 1;
    %store/vec4 v0000015643d8bd20_0, 0, 1;
    %pushi/vec4 43981, 0, 16;
    %store/vec4 v0000015643d8bbe0_0, 0, 16;
    %delay 10, 0;
    %pushi/vec4 1, 0, 1;
    %store/vec4 v0000015643d8bd20_0, 0, 1;
    %delay 10, 0;
    %pushi/vec4 0, 0, 1;
    %store/vec4 v0000015643d8bd20_0, 0, 1;
    %pushi/vec4 4660, 0, 16;
    %store/vec4 v0000015643d8bbe0_0, 0, 16;
    %delay 10, 0;
    %vpi_call 2 14 "$finish" {0 0 0};
    %end;
    .thread T_2;
    .scope S_0000015643cb5aa0;
T_3 ;
    %delay 10, 0;
    %vpi_call 2 18 "$dumpfile", "my_sim.vcd" {0 0 0};
    %vpi_call 2 19 "$dumpvars", 32'sb00000000000000000000000000000000, S_0000015643cb5c30 {0 0 0};
    %end;
    .thread T_3;
# The file index is used to find the file name in the following table.
:file_names 4;
    "N/A";
    "<interactive>";
    "tbirg.v";
    "IREG.v";
