#! /c/Source/iverilog-install/bin/vvp
:ivl_version "12.0 (devel)" "(s20150603-1539-g2693dd32b)";
:ivl_delay_selection "TYPICAL";
:vpi_time_precision + 0;
:vpi_module "C:\iverilog\lib\ivl\system.vpi";
:vpi_module "C:\iverilog\lib\ivl\vhdl_sys.vpi";
:vpi_module "C:\iverilog\lib\ivl\vhdl_textio.vpi";
:vpi_module "C:\iverilog\lib\ivl\v2005_math.vpi";
:vpi_module "C:\iverilog\lib\ivl\va_math.vpi";
S_0000021bd10bbd60 .scope module, "tb_register_file" "tb_register_file" 2 2;
 .timescale 0 0;
v0000021bd11c53f0_0 .var "clk", 0 0;
v0000021bd11c5490_0 .net "read_data1", 7 0, L_0000021bd1178be0;  1 drivers
v0000021bd1173040_0 .var "read_reg1", 2 0;
v0000021bd11734a0_0 .var "read_reg2", 2 0;
v0000021bd1173680_0 .net "reg_out", 7 0, L_0000021bd1178fd0;  1 drivers
v0000021bd1173900_0 .var "write_data", 7 0;
v0000021bd1172fa0_0 .var "write_enable", 0 0;
v0000021bd1173720_0 .var "write_reg", 2 0;
S_0000021bd10bd5e0 .scope module, "uut" "register_file" 2 14, 3 1 0, S_0000021bd10bbd60;
 .timescale 0 0;
    .port_info 0 /INPUT 1 "clk";
    .port_info 1 /INPUT 1 "write_enable";
    .port_info 2 /INPUT 3 "read_reg1";
    .port_info 3 /INPUT 3 "read_reg2";
    .port_info 4 /INPUT 3 "write_reg";
    .port_info 5 /INPUT 8 "write_data";
    .port_info 6 /OUTPUT 8 "read_data1";
    .port_info 7 /OUTPUT 8 "reg_out";
L_0000021bd1178be0 .functor BUFZ 8, L_0000021bd11737c0, C4<00000000>, C4<00000000>, C4<00000000>;
v0000021bd11c50d0_7 .array/port v0000021bd11c50d0, 7;
L_0000021bd1178fd0 .functor BUFZ 8, v0000021bd11c50d0_7, C4<00000000>, C4<00000000>, C4<00000000>;
v0000021bd10b6d30_0 .net *"_ivl_0", 7 0, L_0000021bd11737c0;  1 drivers
v0000021bd10b6ab0_0 .net *"_ivl_2", 4 0, L_0000021bd1172be0;  1 drivers
L_0000021bd11c5538 .functor BUFT 1, C4<00>, C4<0>, C4<0>, C4<0>;
v0000021bd10bd770_0 .net *"_ivl_5", 1 0, L_0000021bd11c5538;  1 drivers
v0000021bd10bd810_0 .net "clk", 0 0, v0000021bd11c53f0_0;  1 drivers
v0000021bd10bd8b0_0 .net "read_data1", 7 0, L_0000021bd1178be0;  alias, 1 drivers
v0000021bd10bd950_0 .net "read_reg1", 2 0, v0000021bd1173040_0;  1 drivers
v0000021bd11c5030_0 .net "read_reg2", 2 0, v0000021bd11734a0_0;  1 drivers
v0000021bd11c50d0 .array "reg_array", 0 7, 7 0;
v0000021bd11c5170_0 .net "reg_out", 7 0, L_0000021bd1178fd0;  alias, 1 drivers
v0000021bd11c5210_0 .net "write_data", 7 0, v0000021bd1173900_0;  1 drivers
v0000021bd11c52b0_0 .net "write_enable", 0 0, v0000021bd1172fa0_0;  1 drivers
v0000021bd11c5350_0 .net "write_reg", 2 0, v0000021bd1173720_0;  1 drivers
E_0000021bd10baf10 .event posedge, v0000021bd10bd810_0;
L_0000021bd11737c0 .array/port v0000021bd11c50d0, L_0000021bd1172be0;
L_0000021bd1172be0 .concat [ 3 2 0 0], v0000021bd1173040_0, L_0000021bd11c5538;
    .scope S_0000021bd10bd5e0;
T_0 ;
    %wait E_0000021bd10baf10;
    %load/vec4 v0000021bd11c52b0_0;
    %flag_set/vec4 8;
    %jmp/0xz  T_0.0, 8;
    %load/vec4 v0000021bd11c5210_0;
    %load/vec4 v0000021bd11c5350_0;
    %pad/u 5;
    %ix/vec4 3;
    %ix/load 4, 0, 0; Constant delay
    %assign/vec4/a/d v0000021bd11c50d0, 0, 4;
T_0.0 ;
    %jmp T_0;
    .thread T_0;
    .scope S_0000021bd10bbd60;
T_1 ;
    %pushi/vec4 0, 0, 1;
    %store/vec4 v0000021bd11c53f0_0, 0, 1;
T_1.0 ;
    %delay 5, 0;
    %load/vec4 v0000021bd11c53f0_0;
    %inv;
    %store/vec4 v0000021bd11c53f0_0, 0, 1;
    %jmp T_1.0;
    %end;
    .thread T_1;
    .scope S_0000021bd10bbd60;
T_2 ;
    %vpi_call 2 33 "$display", "Starting register_file test..." {0 0 0};
    %pushi/vec4 0, 0, 1;
    %store/vec4 v0000021bd1172fa0_0, 0, 1;
    %pushi/vec4 0, 0, 3;
    %store/vec4 v0000021bd1173720_0, 0, 3;
    %pushi/vec4 170, 0, 8;
    %store/vec4 v0000021bd1173900_0, 0, 8;
    %pushi/vec4 0, 0, 3;
    %store/vec4 v0000021bd1173040_0, 0, 3;
    %pushi/vec4 0, 0, 3;
    %store/vec4 v0000021bd11734a0_0, 0, 3;
    %delay 10, 0;
    %pushi/vec4 1, 0, 1;
    %store/vec4 v0000021bd1172fa0_0, 0, 1;
    %delay 10, 0;
    %pushi/vec4 0, 0, 1;
    %store/vec4 v0000021bd1172fa0_0, 0, 1;
    %delay 10, 0;
    %vpi_call 2 49 "$display", "Read R0: %h (expected AA)", v0000021bd11c5490_0 {0 0 0};
    %pushi/vec4 7, 0, 3;
    %store/vec4 v0000021bd1173720_0, 0, 3;
    %pushi/vec4 119, 0, 8;
    %store/vec4 v0000021bd1173900_0, 0, 8;
    %pushi/vec4 1, 0, 1;
    %store/vec4 v0000021bd1172fa0_0, 0, 1;
    %delay 10, 0;
    %pushi/vec4 0, 0, 1;
    %store/vec4 v0000021bd1172fa0_0, 0, 1;
    %delay 10, 0;
    %vpi_call 2 60 "$display", "reg_out (R7): %h (expected 77)", v0000021bd1173680_0 {0 0 0};
    %vpi_call 2 62 "$finish" {0 0 0};
    %end;
    .thread T_2;
    .scope S_0000021bd10bbd60;
T_3 ;
    %vpi_call 2 65 "$dumpfile", "my_sim.vcd" {0 0 0};
    %vpi_call 2 66 "$dumpvars", 32'sb00000000000000000000000000000000, S_0000021bd10bd5e0 {0 0 0};
    %end;
    .thread T_3;
# The file index is used to find the file name in the following table.
:file_names 4;
    "N/A";
    "<interactive>";
    "tb.v";
    "register_file.v";
